{
  "stats": {
    "suites": 1,
    "tests": 4,
    "passes": 1,
    "pending": 0,
    "failures": 3,
    "start": "2022-09-07T17:41:05.921Z",
    "end": "2022-09-07T17:41:16.110Z",
    "duration": 10189,
    "testsRegistered": 4,
    "passPercent": 25,
    "pendingPercent": 0,
    "other": 0,
    "hasOther": false,
    "skipped": 0,
    "hasSkipped": false
  },
  "results": [
    {
      "uuid": "84b2dd76-abe1-43f4-b76b-cc97a84c2375",
      "title": "",
      "fullFile": "cypress/integration/login.feature",
      "file": "cypress/integration/login.feature",
      "beforeHooks": [],
      "afterHooks": [],
      "tests": [],
      "suites": [
        {
          "uuid": "105b89e5-7f34-43ec-8cc4-2026898e810d",
          "title": "Login functionality",
          "fullFile": "",
          "file": "",
          "beforeHooks": [],
          "afterHooks": [],
          "tests": [
            {
              "title": "As User, I can login into myStays.com using valid credentials (example #1)",
              "fullTitle": "Login functionality As User, I can login into myStays.com using valid credentials (example #1)",
              "timedOut": null,
              "duration": 5987,
              "state": "passed",
              "speed": "medium",
              "pass": true,
              "fail": false,
              "pending": false,
              "context": null,
              "code": "const state = window.testState;\nreturn cy\n  .then(() => state.onStartScenario(scenario, indexedSteps))\n  .then(() =>\n    resolveAndRunBeforeHooks.call(this, scenario.tags, state.feature.name)\n  )\n  .then(() =>\n    indexedSteps.forEach((step) =>\n      stepTest.call(this, state, step, rowData)\n    )\n  )\n  .then(() => state.onFinishScenario(scenario));",
              "err": {},
              "uuid": "667fd9c9-1ec3-4042-b66c-397730a22580",
              "parentUUID": "105b89e5-7f34-43ec-8cc4-2026898e810d",
              "isHook": false,
              "skipped": false
            },
            {
              "title": "As User, I can login into myStays.com using invalid credentials (example #1)",
              "fullTitle": "Login functionality As User, I can login into myStays.com using invalid credentials (example #1)",
              "timedOut": null,
              "duration": 1504,
              "state": "failed",
              "speed": null,
              "pass": false,
              "fail": true,
              "pending": false,
              "context": "{\n  \"title\": \"cypress-mochawesome-reporter-screenshots\",\n  \"value\": [\n    [\n      {\n        \"title\": \"Failed screenshot\",\n        \"value\": \"/login.feature/Login functionality -- As User, I can login into myStays.com using invalid credentials (example #1) (failed).png\"\n      }\n    ]\n  ]\n}",
              "code": "const state = window.testState;\nreturn cy\n  .then(() => state.onStartScenario(scenario, indexedSteps))\n  .then(() =>\n    resolveAndRunBeforeHooks.call(this, scenario.tags, state.feature.name)\n  )\n  .then(() =>\n    indexedSteps.forEach((step) =>\n      stepTest.call(this, state, step, rowData)\n    )\n  )\n  .then(() => state.onFinishScenario(scenario));",
              "err": {
                "message": "Error: Step implementation missing for: \"Invalid username\" message is displayed",
                "estack": "Error: Step implementation missing for: \"Invalid username\" message is displayed\n    at Context.resolveAndRunStepDefinition (http://localhost:3000/__cypress/tests?p=cypress/integration/login.feature:10636:11)\n    at Context.eval (http://localhost:3000/__cypress/tests?p=cypress/integration/login.feature:9951:35)",
                "diff": null
              },
              "uuid": "db2bb850-552b-4172-b9be-b961d4ce6300",
              "parentUUID": "105b89e5-7f34-43ec-8cc4-2026898e810d",
              "isHook": false,
              "skipped": false
            },
            {
              "title": "As User, I can login into myStays.com using invalid credentials (example #2)",
              "fullTitle": "Login functionality As User, I can login into myStays.com using invalid credentials (example #2)",
              "timedOut": null,
              "duration": 1178,
              "state": "failed",
              "speed": null,
              "pass": false,
              "fail": true,
              "pending": false,
              "context": "{\n  \"title\": \"cypress-mochawesome-reporter-screenshots\",\n  \"value\": [\n    [\n      {\n        \"title\": \"Failed screenshot\",\n        \"value\": \"/login.feature/Login functionality -- As User, I can login into myStays.com using invalid credentials (example #2) (failed).png\"\n      }\n    ]\n  ]\n}",
              "code": "const state = window.testState;\nreturn cy\n  .then(() => state.onStartScenario(scenario, indexedSteps))\n  .then(() =>\n    resolveAndRunBeforeHooks.call(this, scenario.tags, state.feature.name)\n  )\n  .then(() =>\n    indexedSteps.forEach((step) =>\n      stepTest.call(this, state, step, rowData)\n    )\n  )\n  .then(() => state.onFinishScenario(scenario));",
              "err": {
                "message": "Error: Step implementation missing for: \"Invalid username and password\" message is displayed",
                "estack": "Error: Step implementation missing for: \"Invalid username and password\" message is displayed\n    at Context.resolveAndRunStepDefinition (http://localhost:3000/__cypress/tests?p=cypress/integration/login.feature:10636:11)\n    at Context.eval (http://localhost:3000/__cypress/tests?p=cypress/integration/login.feature:9951:35)",
                "diff": null
              },
              "uuid": "09de8259-281a-4b5c-88de-44fc5c19c3b6",
              "parentUUID": "105b89e5-7f34-43ec-8cc4-2026898e810d",
              "isHook": false,
              "skipped": false
            },
            {
              "title": "As User, I can login into myStays.com using invalid credentials (example #3)",
              "fullTitle": "Login functionality As User, I can login into myStays.com using invalid credentials (example #3)",
              "timedOut": null,
              "duration": 1163,
              "state": "failed",
              "speed": null,
              "pass": false,
              "fail": true,
              "pending": false,
              "context": "{\n  \"title\": \"cypress-mochawesome-reporter-screenshots\",\n  \"value\": [\n    [\n      {\n        \"title\": \"Failed screenshot\",\n        \"value\": \"/login.feature/Login functionality -- As User, I can login into myStays.com using invalid credentials (example #3) (failed).png\"\n      }\n    ]\n  ]\n}",
              "code": "const state = window.testState;\nreturn cy\n  .then(() => state.onStartScenario(scenario, indexedSteps))\n  .then(() =>\n    resolveAndRunBeforeHooks.call(this, scenario.tags, state.feature.name)\n  )\n  .then(() =>\n    indexedSteps.forEach((step) =>\n      stepTest.call(this, state, step, rowData)\n    )\n  )\n  .then(() => state.onFinishScenario(scenario));",
              "err": {
                "message": "Error: Step implementation missing for: \"Invalid password\" message is displayed",
                "estack": "Error: Step implementation missing for: \"Invalid password\" message is displayed\n    at Context.resolveAndRunStepDefinition (http://localhost:3000/__cypress/tests?p=cypress/integration/login.feature:10636:11)\n    at Context.eval (http://localhost:3000/__cypress/tests?p=cypress/integration/login.feature:9951:35)",
                "diff": null
              },
              "uuid": "cea2da30-64eb-4537-ab5b-6686d237eccb",
              "parentUUID": "105b89e5-7f34-43ec-8cc4-2026898e810d",
              "isHook": false,
              "skipped": false
            }
          ],
          "suites": [],
          "passes": [
            "667fd9c9-1ec3-4042-b66c-397730a22580"
          ],
          "failures": [
            "db2bb850-552b-4172-b9be-b961d4ce6300",
            "09de8259-281a-4b5c-88de-44fc5c19c3b6",
            "cea2da30-64eb-4537-ab5b-6686d237eccb"
          ],
          "pending": [],
          "skipped": [],
          "duration": 9832,
          "root": false,
          "rootEmpty": false,
          "_timeout": 2000
        }
      ],
      "passes": [],
      "failures": [],
      "pending": [],
      "skipped": [],
      "duration": 0,
      "root": true,
      "rootEmpty": true,
      "_timeout": 2000
    }
  ],
  "meta": {
    "mocha": {
      "version": "7.0.1"
    },
    "mochawesome": {
      "options": {
        "quiet": false,
        "reportFilename": "mochawesome",
        "saveHtml": false,
        "saveJson": true,
        "consoleReporter": "spec",
        "useInlineDiffs": false,
        "code": true
      },
      "version": "7.1.3"
    },
    "marge": {
      "options": {
        "reportDir": "cypress/reports/.jsons",
        "charts": true,
        "reportPageTitle": "My Test Suite",
        "embeddedScreenshots": true,
        "inlineAssets": true,
        "overwrite": false,
        "html": false,
        "json": true
      },
      "version": "6.2.0"
    }
  }
}